[INFO] [step 1 - Iter 1/100]
[INFO] step 1 loss:  2.1513
[INFO] pred distribution: [ 0  0 32]
[INFO] [step 1 - Iter 100/100]
[INFO] step 1 loss:  2.1580
[INFO] pred distribution: [ 0  1 31]
[INFO] [step 2 - Iter 1/3]
[INFO] loss: -0.0153
[INFO] C1 pred distribution: [ 0  1 31]
[INFO] C2 pred distribution: [ 1 16 15]
[INFO] [step 2 - Iter 3/3]
[INFO] loss: -0.0138
[INFO] C1 pred distribution: [ 0  0 32]
[INFO] C2 pred distribution: [ 0 14 18]
[INFO] [step 3 - Iter 1/50]
[INFO] loss:  0.0137
[INFO] pred distribution: [ 0  2 30]
[INFO] [step 3 - Iter 50/50]
[INFO] loss:  0.0104
[INFO] pred distribution: [ 0  1 31]
[INFO] [step 4 - Iter 1/50]
[INFO] loss:  0.7255
[INFO] [step 4 - Iter 50/50]
[INFO] loss:  0.7253
