[INFO] [step 1 - Iter 1/100]
[INFO] step 1 loss:  2.2041
[INFO] pred distribution: [31  0  1]
[INFO] [step 1 - Iter 100/100]
[INFO] step 1 loss:  2.2146
[INFO] pred distribution: [27  1  4]
[INFO] [step 2 - Iter 1/3]
[INFO] loss: -0.0012
[INFO] C1 pred distribution: [11  0 21]
[INFO] C2 pred distribution: [ 0 32  0]
[INFO] [step 2 - Iter 3/3]
[INFO] loss: -0.0012
[INFO] C1 pred distribution: [13  0 19]
[INFO] C2 pred distribution: [ 0 32  0]
[INFO] [step 3 - Iter 1/50]
[INFO] loss:  0.0014
[INFO] pred distribution: [29  3  0]
[INFO] [step 3 - Iter 50/50]
[INFO] loss:  0.0011
[INFO] pred distribution: [30  0  2]
[INFO] [step 4 - Iter 1/50]
[INFO] loss:  0.7216
[INFO] [step 4 - Iter 50/50]
[INFO] loss:  0.7215
