[INFO] [step 1 - Iter 1/100]
[INFO] step 1 loss:  2.2286
[INFO] pred distribution: [ 0  0 32]
[INFO] [step 1 - Iter 100/100]
[INFO] step 1 loss:  2.1683
[INFO] pred distribution: [ 1  5 26]
[INFO] [step 2 - Iter 1/3]
[INFO] loss: -0.0017
[INFO] C1 pred distribution: [ 0  2 30]
[INFO] C2 pred distribution: [ 3 28  1]
[INFO] [step 2 - Iter 3/3]
[INFO] loss: -0.0014
[INFO] C1 pred distribution: [ 1  0 31]
[INFO] C2 pred distribution: [ 4 27  1]
[INFO] [step 3 - Iter 1/50]
[INFO] loss:  0.0011
[INFO] pred distribution: [ 0  6 26]
[INFO] [step 3 - Iter 50/50]
[INFO] loss:  0.0015
[INFO] pred distribution: [ 2  5 25]
[INFO] [step 4 - Iter 1/50]
[INFO] loss:  0.7186
[INFO] [step 4 - Iter 50/50]
[INFO] loss:  0.7185
