[INFO] [step 1 - Iter 1/100]
[INFO] step 1 loss:  2.2038
[INFO] pred distribution: [ 0 32  0]
[INFO] [step 1 - Iter 100/100]
[INFO] step 1 loss:  2.1964
[INFO] pred distribution: [ 1 31  0]
[INFO] [step 2 - Iter 1/3]
[INFO] loss: -0.0005
[INFO] C1 pred distribution: [ 0 32  0]
[INFO] C2 pred distribution: [ 6  1 25]
[INFO] [step 2 - Iter 3/3]
[INFO] loss: -0.0005
[INFO] C1 pred distribution: [ 0 32  0]
[INFO] C2 pred distribution: [ 6  2 24]
[INFO] [step 3 - Iter 1/50]
[INFO] loss:  0.0005
[INFO] pred distribution: [ 1 30  1]
[INFO] [step 3 - Iter 50/50]
[INFO] loss:  0.0005
[INFO] pred distribution: [ 1 30  1]
[INFO] [step 4 - Iter 1/50]
[INFO] loss:  0.7224
[INFO] [step 4 - Iter 50/50]
[INFO] loss:  0.7223
